<?xml version="1.0" encoding="UTF-8"?>
<testsuite xmlns:xsi="http://www.w3.org/2001/XMLSchema-instance" xsi:noNamespaceSchemaLocation="https://maven.apache.org/surefire/maven-surefire-plugin/xsd/surefire-test-report.xsd" name="com.webcheckers.ui.PostSignInRouteTest" time="0.016" tests="3" errors="0" skipped="0" failures="0">
  <properties>
    <property name="java.specification.version" value="15"/>
    <property name="sun.cpu.isalist" value="amd64"/>
    <property name="sun.jnu.encoding" value="Cp1252"/>
    <property name="java.class.path" value="C:\Users\akuno\IdeaProjects\team-project-team-1\target\test-classes;C:\Users\akuno\IdeaProjects\team-project-team-1\target\classes;C:\Users\akuno\.m2\repository\com\sparkjava\spark-core\2.7.2\spark-core-2.7.2.jar;C:\Users\akuno\.m2\repository\org\slf4j\slf4j-api\1.7.13\slf4j-api-1.7.13.jar;C:\Users\akuno\.m2\repository\org\eclipse\jetty\jetty-server\9.4.8.v20171121\jetty-server-9.4.8.v20171121.jar;C:\Users\akuno\.m2\repository\javax\servlet\javax.servlet-api\3.1.0\javax.servlet-api-3.1.0.jar;C:\Users\akuno\.m2\repository\org\eclipse\jetty\jetty-http\9.4.8.v20171121\jetty-http-9.4.8.v20171121.jar;C:\Users\akuno\.m2\repository\org\eclipse\jetty\jetty-util\9.4.8.v20171121\jetty-util-9.4.8.v20171121.jar;C:\Users\akuno\.m2\repository\org\eclipse\jetty\jetty-io\9.4.8.v20171121\jetty-io-9.4.8.v20171121.jar;C:\Users\akuno\.m2\repository\org\eclipse\jetty\jetty-webapp\9.4.8.v20171121\jetty-webapp-9.4.8.v20171121.jar;C:\Users\akuno\.m2\repository\org\eclipse\jetty\jetty-xml\9.4.8.v20171121\jetty-xml-9.4.8.v20171121.jar;C:\Users\akuno\.m2\repository\org\eclipse\jetty\jetty-servlet\9.4.8.v20171121\jetty-servlet-9.4.8.v20171121.jar;C:\Users\akuno\.m2\repository\org\eclipse\jetty\jetty-security\9.4.8.v20171121\jetty-security-9.4.8.v20171121.jar;C:\Users\akuno\.m2\repository\org\eclipse\jetty\websocket\websocket-server\9.4.8.v20171121\websocket-server-9.4.8.v20171121.jar;C:\Users\akuno\.m2\repository\org\eclipse\jetty\websocket\websocket-common\9.4.8.v20171121\websocket-common-9.4.8.v20171121.jar;C:\Users\akuno\.m2\repository\org\eclipse\jetty\websocket\websocket-client\9.4.8.v20171121\websocket-client-9.4.8.v20171121.jar;C:\Users\akuno\.m2\repository\org\eclipse\jetty\jetty-client\9.4.8.v20171121\jetty-client-9.4.8.v20171121.jar;C:\Users\akuno\.m2\repository\org\eclipse\jetty\websocket\websocket-servlet\9.4.8.v20171121\websocket-servlet-9.4.8.v20171121.jar;C:\Users\akuno\.m2\repository\org\eclipse\jetty\websocket\websocket-api\9.4.8.v20171121\websocket-api-9.4.8.v20171121.jar;C:\Users\akuno\.m2\repository\com\sparkjava\spark-template-freemarker\2.7.1\spark-template-freemarker-2.7.1.jar;C:\Users\akuno\.m2\repository\org\freemarker\freemarker\2.3.28\freemarker-2.3.28.jar;C:\Users\akuno\.m2\repository\com\google\code\gson\gson\2.8.5\gson-2.8.5.jar;C:\Users\akuno\.m2\repository\org\slf4j\slf4j-simple\1.7.25\slf4j-simple-1.7.25.jar;C:\Users\akuno\.m2\repository\org\junit\jupiter\junit-jupiter-api\5.3.0\junit-jupiter-api-5.3.0.jar;C:\Users\akuno\.m2\repository\org\apiguardian\apiguardian-api\1.0.0\apiguardian-api-1.0.0.jar;C:\Users\akuno\.m2\repository\org\opentest4j\opentest4j\1.1.0\opentest4j-1.1.0.jar;C:\Users\akuno\.m2\repository\org\junit\platform\junit-platform-commons\1.3.0\junit-platform-commons-1.3.0.jar;C:\Users\akuno\.m2\repository\org\junit\jupiter\junit-jupiter-engine\5.3.0\junit-jupiter-engine-5.3.0.jar;C:\Users\akuno\.m2\repository\org\junit\platform\junit-platform-engine\1.3.0\junit-platform-engine-1.3.0.jar;C:\Users\akuno\.m2\repository\org\mockito\mockito-core\2.22.0\mockito-core-2.22.0.jar;C:\Users\akuno\.m2\repository\net\bytebuddy\byte-buddy\1.8.21\byte-buddy-1.8.21.jar;C:\Users\akuno\.m2\repository\net\bytebuddy\byte-buddy-agent\1.8.21\byte-buddy-agent-1.8.21.jar;C:\Users\akuno\.m2\repository\org\objenesis\objenesis\2.6\objenesis-2.6.jar;"/>
    <property name="java.vm.vendor" value="Oracle Corporation"/>
    <property name="sun.arch.data.model" value="64"/>
    <property name="user.variant" value=""/>
    <property name="java.vendor.url" value="https://java.oracle.com/"/>
    <property name="user.timezone" value="America/New_York"/>
    <property name="os.name" value="Windows 10"/>
    <property name="java.vm.specification.version" value="15"/>
    <property name="sun.java.launcher" value="SUN_STANDARD"/>
    <property name="user.country" value="US"/>
    <property name="sun.boot.library.path" value="C:\Program Files\Java\jdk-15.0.2\bin"/>
    <property name="sun.java.command" value="C:\Users\akuno\AppData\Local\Temp\surefire17616604276154447276\surefirebooter6943999694443089764.jar C:\Users\akuno\AppData\Local\Temp\surefire17616604276154447276 2021-07-16T21-04-41_755-jvmRun1 surefire8158373930312413923tmp surefire_016662019055900332749tmp"/>
    <property name="jdk.debug" value="release"/>
    <property name="surefire.test.class.path" value="C:\Users\akuno\IdeaProjects\team-project-team-1\target\test-classes;C:\Users\akuno\IdeaProjects\team-project-team-1\target\classes;C:\Users\akuno\.m2\repository\com\sparkjava\spark-core\2.7.2\spark-core-2.7.2.jar;C:\Users\akuno\.m2\repository\org\slf4j\slf4j-api\1.7.13\slf4j-api-1.7.13.jar;C:\Users\akuno\.m2\repository\org\eclipse\jetty\jetty-server\9.4.8.v20171121\jetty-server-9.4.8.v20171121.jar;C:\Users\akuno\.m2\repository\javax\servlet\javax.servlet-api\3.1.0\javax.servlet-api-3.1.0.jar;C:\Users\akuno\.m2\repository\org\eclipse\jetty\jetty-http\9.4.8.v20171121\jetty-http-9.4.8.v20171121.jar;C:\Users\akuno\.m2\repository\org\eclipse\jetty\jetty-util\9.4.8.v20171121\jetty-util-9.4.8.v20171121.jar;C:\Users\akuno\.m2\repository\org\eclipse\jetty\jetty-io\9.4.8.v20171121\jetty-io-9.4.8.v20171121.jar;C:\Users\akuno\.m2\repository\org\eclipse\jetty\jetty-webapp\9.4.8.v20171121\jetty-webapp-9.4.8.v20171121.jar;C:\Users\akuno\.m2\repository\org\eclipse\jetty\jetty-xml\9.4.8.v20171121\jetty-xml-9.4.8.v20171121.jar;C:\Users\akuno\.m2\repository\org\eclipse\jetty\jetty-servlet\9.4.8.v20171121\jetty-servlet-9.4.8.v20171121.jar;C:\Users\akuno\.m2\repository\org\eclipse\jetty\jetty-security\9.4.8.v20171121\jetty-security-9.4.8.v20171121.jar;C:\Users\akuno\.m2\repository\org\eclipse\jetty\websocket\websocket-server\9.4.8.v20171121\websocket-server-9.4.8.v20171121.jar;C:\Users\akuno\.m2\repository\org\eclipse\jetty\websocket\websocket-common\9.4.8.v20171121\websocket-common-9.4.8.v20171121.jar;C:\Users\akuno\.m2\repository\org\eclipse\jetty\websocket\websocket-client\9.4.8.v20171121\websocket-client-9.4.8.v20171121.jar;C:\Users\akuno\.m2\repository\org\eclipse\jetty\jetty-client\9.4.8.v20171121\jetty-client-9.4.8.v20171121.jar;C:\Users\akuno\.m2\repository\org\eclipse\jetty\websocket\websocket-servlet\9.4.8.v20171121\websocket-servlet-9.4.8.v20171121.jar;C:\Users\akuno\.m2\repository\org\eclipse\jetty\websocket\websocket-api\9.4.8.v20171121\websocket-api-9.4.8.v20171121.jar;C:\Users\akuno\.m2\repository\com\sparkjava\spark-template-freemarker\2.7.1\spark-template-freemarker-2.7.1.jar;C:\Users\akuno\.m2\repository\org\freemarker\freemarker\2.3.28\freemarker-2.3.28.jar;C:\Users\akuno\.m2\repository\com\google\code\gson\gson\2.8.5\gson-2.8.5.jar;C:\Users\akuno\.m2\repository\org\slf4j\slf4j-simple\1.7.25\slf4j-simple-1.7.25.jar;C:\Users\akuno\.m2\repository\org\junit\jupiter\junit-jupiter-api\5.3.0\junit-jupiter-api-5.3.0.jar;C:\Users\akuno\.m2\repository\org\apiguardian\apiguardian-api\1.0.0\apiguardian-api-1.0.0.jar;C:\Users\akuno\.m2\repository\org\opentest4j\opentest4j\1.1.0\opentest4j-1.1.0.jar;C:\Users\akuno\.m2\repository\org\junit\platform\junit-platform-commons\1.3.0\junit-platform-commons-1.3.0.jar;C:\Users\akuno\.m2\repository\org\junit\jupiter\junit-jupiter-engine\5.3.0\junit-jupiter-engine-5.3.0.jar;C:\Users\akuno\.m2\repository\org\junit\platform\junit-platform-engine\1.3.0\junit-platform-engine-1.3.0.jar;C:\Users\akuno\.m2\repository\org\mockito\mockito-core\2.22.0\mockito-core-2.22.0.jar;C:\Users\akuno\.m2\repository\net\bytebuddy\byte-buddy\1.8.21\byte-buddy-1.8.21.jar;C:\Users\akuno\.m2\repository\net\bytebuddy\byte-buddy-agent\1.8.21\byte-buddy-agent-1.8.21.jar;C:\Users\akuno\.m2\repository\org\objenesis\objenesis\2.6\objenesis-2.6.jar;"/>
    <property name="sun.cpu.endian" value="little"/>
    <property name="user.home" value="C:\Users\akuno"/>
    <property name="user.language" value="en"/>
    <property name="java.specification.vendor" value="Oracle Corporation"/>
    <property name="java.version.date" value="2021-01-19"/>
    <property name="java.home" value="C:\Program Files\Java\jdk-15.0.2"/>
    <property name="file.separator" value="\"/>
    <property name="basedir" value="C:\Users\akuno\IdeaProjects\team-project-team-1"/>
    <property name="java.vm.compressedOopsMode" value="Zero based"/>
    <property name="line.separator" value="&#10;"/>
    <property name="java.vm.specification.vendor" value="Oracle Corporation"/>
    <property name="java.specification.name" value="Java Platform API Specification"/>
    <property name="surefire.real.class.path" value="C:\Users\akuno\AppData\Local\Temp\surefire17616604276154447276\surefirebooter6943999694443089764.jar"/>
    <property name="user.script" value=""/>
    <property name="sun.management.compiler" value="HotSpot 64-Bit Tiered Compilers"/>
    <property name="java.runtime.version" value="15.0.2+7-27"/>
    <property name="user.name" value="akuno"/>
    <property name="path.separator" value=";"/>
    <property name="os.version" value="10.0"/>
    <property name="java.runtime.name" value="Java(TM) SE Runtime Environment"/>
    <property name="file.encoding" value="Cp1252"/>
    <property name="java.vm.name" value="Java HotSpot(TM) 64-Bit Server VM"/>
    <property name="localRepository" value="C:\Users\akuno\.m2\repository"/>
    <property name="java.vendor.url.bug" value="https://bugreport.java.com/bugreport/"/>
    <property name="java.io.tmpdir" value="C:\Users\akuno\AppData\Local\Temp\"/>
    <property name="idea.version" value="2021.1.2"/>
    <property name="java.version" value="15.0.2"/>
    <property name="user.dir" value="C:\Users\akuno\IdeaProjects\team-project-team-1"/>
    <property name="os.arch" value="amd64"/>
    <property name="java.vm.specification.name" value="Java Virtual Machine Specification"/>
    <property name="sun.os.patch.level" value=""/>
    <property name="java.library.path" value="C:\Program Files\Java\jdk-15.0.2\bin;C:\Windows\Sun\Java\bin;C:\Windows\system32;C:\Windows;C:\Program Files\Common Files\Oracle\Java\javapath;C:\Windows\system32;C:\Windows;C:\Windows\System32\Wbem;C:\Windows\System32\WindowsPowerShell\v1.0\;C:\Windows\System32\OpenSSH\;C:\Program Files\Git\cmd;C:\Program Files\Javamvn\apache-maven-3.8.1\bin;C:\Users\akuno\AppData\Local\Microsoft\WindowsApps;;."/>
    <property name="java.vm.info" value="mixed mode, sharing"/>
    <property name="java.vendor" value="Oracle Corporation"/>
    <property name="java.vm.version" value="15.0.2+7-27"/>
    <property name="sun.io.unicode.encoding" value="UnicodeLittle"/>
    <property name="java.class.version" value="59.0"/>
  </properties>
  <testcase name="validSignIn" classname="com.webcheckers.ui.PostSignInRouteTest" time="0"/>
  <testcase name="alreadySignedIn" classname="com.webcheckers.ui.PostSignInRouteTest" time="0"/>
  <testcase name="invalidSignIn" classname="com.webcheckers.ui.PostSignInRouteTest" time="0.016"/>
</testsuite>